--- Startup times for process: Primary/TUI ---

times in msec
 clock   self+sourced   self:  sourced script
 clock   elapsed:              other lines

000.000  000.000: --- NVIM STARTING ---
000.084  000.084: event init
000.197  000.113: early init
001.282  001.085: locale set
001.316  000.034: init first window
001.800  000.483: inits 1
001.806  000.006: window checked
001.970  000.164: parsing arguments
002.509  000.026  000.026: require('vim.shared')
002.568  000.030  000.030: require('vim.inspect')
002.602  000.025  000.025: require('vim._options')
002.603  000.092  000.036: require('vim._editor')
002.604  000.170  000.052: require('vim._init_packages')
002.606  000.466: init lua interpreter
002.975  000.370: --- NVIM STARTED ---

--- Startup times for process: Embedded ---

times in msec
 clock   self+sourced   self:  sourced script
 clock   elapsed:              other lines

000.000  000.000: --- NVIM STARTING ---
000.085  000.085: event init
000.188  000.103: early init
000.503  000.315: locale set
000.534  000.031: init first window
000.792  000.258: inits 1
000.806  000.014: window checked
000.973  000.166: parsing arguments
001.375  000.029  000.029: require('vim.shared')
001.437  000.030  000.030: require('vim.inspect')
001.472  000.026  000.026: require('vim._options')
001.474  000.095  000.038: require('vim._editor')
001.475  000.171  000.046: require('vim._init_packages')
001.476  000.333: init lua interpreter
003.503  002.026: expanding arguments
003.519  000.016: inits 2
003.736  000.217: init highlight
003.737  000.001: waiting for UI
003.892  000.155: done waiting for UI
003.902  000.010: clear screen
003.958  000.008  000.008: require('vim.keymap')
004.479  000.575  000.566: require('vim._defaults')
004.480  000.004: init default mappings & autocommands
005.539  000.289  000.289: sourcing /opt/homebrew/Cellar/neovim/0.10.2_1/share/nvim/runtime/ftplugin.vim
005.942  000.194  000.194: sourcing /opt/homebrew/Cellar/neovim/0.10.2_1/share/nvim/runtime/indent.vim
008.426  000.005  000.005: require('vim.F')
008.450  001.768  001.763: require('vim.diagnostic')
009.905  000.952  000.952: require('lazy')
009.926  000.011  000.011: require('ffi')
009.970  000.025  000.025: require('vim.fs')
010.380  000.407  000.407: require('vim.uri')
010.391  000.463  000.031: require('vim.loader')
011.118  000.707  000.707: require('lazy.stats')
011.585  000.435  000.435: require('lazy.core.util')
012.042  000.456  000.456: require('lazy.core.config')
013.267  000.464  000.464: require('lazy.core.handler')
013.697  000.429  000.429: require('lazy.core.plugin')
013.701  001.658  000.765: require('lazy.core.loader')
015.380  000.914  000.914: require('kickstart.plugins.autocomplete')
015.697  000.296  000.296: require('kickstart.plugins.autoformat')
016.048  000.343  000.343: require('kickstart.plugins.debug')
016.331  000.265  000.265: require('kickstart.plugins.gitsigns')
016.533  000.197  000.197: require('kickstart.plugins.indent-width')
016.732  000.194  000.194: require('kickstart.plugins.indent_line')
017.068  000.331  000.331: require('kickstart.plugins.lsp')
017.307  000.195  000.195: require('kickstart.plugins.mini')
017.505  000.193  000.193: require('kickstart.plugins.numToStr')
017.775  000.266  000.266: require('kickstart.plugins.telescope')
018.007  000.205  000.205: require('kickstart.plugins.todo-comments')
018.246  000.230  000.230: require('kickstart.plugins.treesitter')
018.451  000.201  000.201: require('kickstart.plugins.which-key')
018.793  000.201  000.201: require('custom.plugins')
019.001  000.204  000.204: require('custom.plugins.autoclose')
019.196  000.191  000.191: require('custom.plugins.btw')
019.389  000.188  000.188: require('custom.plugins.bufterm')
019.591  000.198  000.198: require('custom.plugins.flutter-tools')
019.813  000.213  000.213: require('custom.plugins.git-blame')
020.092  000.220  000.220: require('custom.plugins.harpoon')
020.539  000.334  000.334: require('custom.plugins.jester')
020.767  000.222  000.222: require('custom.plugins.jsdoc')
021.016  000.243  000.243: require('custom.plugins.lazygit')
021.268  000.249  000.249: require('custom.plugins.lualine')
021.578  000.302  000.302: require('custom.plugins.neotest')
021.901  000.308  000.308: require('custom.plugins.neotree')
022.151  000.233  000.233: require('custom.plugins.oil')
022.454  000.292  000.292: require('custom.plugins.scrollEOF')
022.698  000.236  000.236: require('custom.plugins.thanks')
022.886  000.181  000.181: require('custom.plugins.theme')
023.271  000.382  000.382: require('custom.plugins.typst')
023.575  000.249  000.249: require('custom.plugins.vim-tmux-navigator')
024.336  000.265  000.265: require('lazy.core.handler.keys')
024.619  000.280  000.280: require('lazy.core.handler.cmd')
025.208  000.275  000.275: require('lazy.core.handler.event')
025.209  000.575  000.300: require('lazy.core.handler.ft')
025.907  000.155  000.155: sourcing /Users/simon/.local/share/nvim/lazy/typst.vim/ftdetect/typst.vim
027.479  000.156  000.156: sourcing /Users/simon/.config/nvim/ftdetect/cds.vim
027.511  001.048  000.892: sourcing /opt/homebrew/Cellar/neovim/0.10.2_1/share/nvim/runtime/filetype.lua
031.132  001.076  001.076: require('catppuccin')
031.806  000.293  000.293: require('catppuccin.lib.hashing')
032.771  002.877  001.508: sourcing /Users/simon/.local/share/nvim/lazy/nvim/colors/catppuccin-frappe.vim
034.191  000.319  000.319: require('bufterm.config')
034.192  001.321  001.002: require('bufterm')
034.769  000.176  000.176: require('bufterm.utils')
034.773  000.378  000.202: require('bufterm.terminal')
034.793  000.584  000.206: require('bufterm.autocmds')
035.290  000.496  000.496: require('bufterm.keymaps')
035.827  000.170  000.170: sourcing /Users/simon/.local/share/nvim/lazy/nvim-web-devicons/plugin/nvim-web-devicons.vim
042.195  000.247  000.247: require('nvim-treesitter.utils')
044.231  000.262  000.262: require('vim.treesitter.language')
044.486  000.254  000.254: require('vim.func')
044.761  000.274  000.274: require('vim.func._memoize')
044.770  001.108  000.319: require('vim.treesitter.query')
045.027  000.256  000.256: require('vim.treesitter._range')
045.033  001.715  000.351: require('vim.treesitter.languagetree')
045.036  002.365  000.650: require('vim.treesitter')
045.635  003.436  001.071: require('nvim-treesitter.parsers')
046.723  000.247  000.247: require('nvim-treesitter.compat')
047.098  000.200  000.200: require('nvim-treesitter.ts_utils')
047.101  000.377  000.177: require('nvim-treesitter.tsrange')
047.267  000.166  000.166: require('nvim-treesitter.caching')
047.273  001.097  000.307: require('nvim-treesitter.query')
047.279  001.427  000.330: require('nvim-treesitter.configs')
047.280  001.645  000.218: require('nvim-treesitter.info')
047.620  000.339  000.339: require('nvim-treesitter.shell_command_selectors')
047.631  006.071  000.405: require('nvim-treesitter.install')
047.892  000.261  000.261: require('nvim-treesitter.statusline')
048.198  000.304  000.304: require('nvim-treesitter.query_predicates')
048.199  007.107  000.470: require('nvim-treesitter')
048.498  007.593  000.486: sourcing /Users/simon/.local/share/nvim/lazy/nvim-treesitter/plugin/nvim-treesitter.lua
049.906  000.743  000.743: require('nvim-treesitter.highlight')
050.278  000.223  000.223: require('nvim-treesitter.indent')
050.284  013.291  004.732: require('nvim-treesitter.ts_utils')
050.287  014.213  000.922: require('jester')
051.025  000.293  000.293: sourcing /Users/simon/.local/share/nvim/lazy/lazygit.nvim/plugin/lazygit.vim
060.527  000.302  000.302: require('mason-core.functional')
060.775  000.247  000.247: require('mason-core.path')
061.068  000.291  000.291: require('mason.settings')
061.081  001.124  000.284: require('mason-core.log')
061.083  006.636  005.512: require('mason-core.EventEmitter')
061.336  000.252  000.252: require('mason-core.optional')
061.860  000.271  000.271: require('mason-core.async')
062.123  000.262  000.262: require('mason-core.async.uv')
062.128  000.791  000.258: require('mason-core.fs')
062.393  000.265  000.265: require('mason-registry.sources')
062.887  000.245  000.245: require('mason-core.functional.data')
063.121  000.233  000.233: require('mason-core.functional.function')
063.133  000.739  000.261: require('mason-core.functional.list')
063.143  009.585  000.903: require('mason-registry')
063.857  000.227  000.227: require('mason-core.functional.relation')
064.071  000.209  000.209: require('mason-core.functional.logic')
064.083  000.721  000.286: require('mason-core.platform')
064.323  000.239  000.239: require('mason-lspconfig.settings')
064.326  001.182  000.221: require('mason-lspconfig')
064.333  011.610  000.843: require('mason-tool-installer')
064.343  011.929  000.319: sourcing /Users/simon/.local/share/nvim/lazy/mason-tool-installer.nvim/plugin/mason-tool-installer.lua
066.370  000.201  000.201: require('fidget.spinner.patterns')
066.408  000.413  000.213: require('fidget.spinner')
066.600  000.190  000.190: require('fidget.options')
066.604  000.794  000.190: require('fidget.progress.display')
067.103  000.302  000.302: require('fidget.logger')
068.075  000.508  000.508: require('vim.lsp.log')
069.055  000.978  000.978: require('vim.lsp.protocol')
069.857  000.367  000.367: require('vim.lsp._snippet_grammar')
070.102  000.243  000.243: require('vim.highlight')
070.111  001.054  000.445: require('vim.lsp.util')
070.593  000.238  000.238: require('vim.lsp.sync')
070.596  000.483  000.246: require('vim.lsp._changetracking')
070.886  000.289  000.289: require('vim.lsp.rpc')
070.936  003.831  000.519: require('vim.lsp')
071.264  000.326  000.326: require('vim.lsp.handlers')
071.267  004.662  000.202: require('fidget.progress.lsp')
072.041  000.218  000.218: require('fidget.poll')
072.044  000.405  000.187: require('fidget.notification.model')
072.260  000.216  000.216: require('fidget.notification.window')
072.447  000.186  000.186: require('fidget.notification.view')
072.494  001.037  000.231: require('fidget.notification')
072.496  001.228  000.191: require('fidget.progress.handle')
072.542  006.930  000.247: require('fidget.progress')
072.904  000.360  000.360: require('fidget.commands')
073.372  000.228  000.228: require('fidget.integration.nvim-tree')
073.630  000.256  000.256: require('fidget.integration.xcodebuild-nvim')
073.685  000.780  000.295: require('fidget.integration')
073.687  009.096  001.026: require('fidget')
085.486  000.218  000.218: sourcing /Users/simon/.local/share/nvim/lazy/nvim-lspconfig/plugin/lspconfig.lua
086.497  000.575  000.575: require('cmp_nvim_lsp.source')
086.499  000.953  000.378: require('cmp_nvim_lsp')
086.839  000.215  000.215: require('mason')
087.228  000.183  000.183: require('mason-core.functional.string')
087.239  000.392  000.209: require('mason.api.command')
087.751  000.246  000.246: require('mason-lspconfig.notify')
087.753  000.456  000.209: require('mason-lspconfig.lspconfig_hook')
088.039  000.285  000.285: require('lspconfig.util')
088.540  000.215  000.215: require('mason-core.functional.table')
088.561  000.521  000.306: require('mason-lspconfig.mappings.server')
088.816  000.252  000.252: require('mason-lspconfig.server_config_extensions')
089.350  000.263  000.263: require('lspconfig.async')
089.352  000.534  000.271: require('lspconfig.configs')
089.595  000.243  000.243: require('lspconfig.server_configurations.omnisharp')
090.252  000.189  000.189: require('mason-core.functional.number')
090.264  000.435  000.246: require('mason-lspconfig.api.command')
090.726  000.216  000.216: require('lspconfig')
090.983  000.255  000.255: require('lspconfig.server_configurations.tsserver')
092.070  000.257  000.257: require('lspconfig.manager')
092.407  000.326  000.326: require('lspconfig.server_configurations.pylsp')
093.846  000.306  000.306: require('mason-core.result')
094.754  000.289  000.289: require('mason-core.receipt')
095.437  000.334  000.334: require('mason-core.process')
095.557  000.801  000.467: require('mason-core.spawn')
095.579  001.418  000.328: require('mason-core.installer.context')
095.875  000.294  000.294: require('mason-core.async.control')
096.201  000.326  000.326: require('mason-core.installer.linker')
096.213  002.366  000.329: require('mason-core.installer')
096.500  000.286  000.286: require('mason-core.providers')
096.585  003.561  000.603: require('mason-core.managers.pip3')
096.586  003.892  000.330: require('mason-lspconfig.server_configurations.pylsp')
097.230  000.387  000.387: require('lspconfig.server_configurations.pyright')
098.077  000.444  000.444: require('lspconfig.server_configurations.jdtls')
098.687  000.338  000.338: require('lspconfig.server_configurations.eslint')
099.162  000.190  000.190: require('lspconfig.server_configurations.lua_ls')
099.608  000.217  000.217: require('lspconfig.server_configurations.cds_lsp')
100.778  000.207  000.207: sourcing /Users/simon/.local/share/nvim/lazy/plenary.nvim/plugin/plenary.vim
101.517  000.194  000.194: sourcing /Users/simon/.local/share/nvim/lazy/FixCursorHold.nvim/plugin/fix_cursorhold_nvim.vim
102.441  000.361  000.361: sourcing /Users/simon/.local/share/nvim/lazy/neotest/plugin/neotest.lua
103.975  000.284  000.284: require('nio.tasks')
104.236  000.259  000.259: require('nio.control')
104.734  000.497  000.497: require('nio.uv')
105.089  000.354  000.354: require('nio.tests')
105.534  000.262  000.262: require('vim.ui')
105.539  000.448  000.186: require('nio.ui')
105.951  000.172  000.172: require('nio.streams')
105.953  000.413  000.241: require('nio.file')
106.516  000.342  000.342: require('nio.logger')
106.562  000.608  000.266: require('nio.lsp')
106.742  000.179  000.179: require('nio.process')
106.748  003.341  000.299: require('nio')
107.090  000.341  000.341: require('neotest.config')
107.092  004.624  000.942: require('neotest')
107.675  000.282  000.282: require('neotest.async')
108.028  000.158  000.158: require('neotest.lib.require')
108.031  000.355  000.197: require('neotest.lib')
108.437  000.172  000.172: require('neotest.utils')
108.569  000.537  000.365: require('neotest.logging')
108.760  000.190  000.190: require('neotest-jest.util')
108.994  000.232  000.232: require('neotest-jest.jest-util')
109.192  000.197  000.197: require('neotest-jest.parameterized-tests')
109.293  002.200  000.407: require('neotest-jest')
109.525  000.181  000.181: require('neotest.adapters')
110.146  000.164  000.164: require('neotest.client.events')
110.148  000.335  000.172: require('neotest.client.state')
110.315  000.167  000.167: require('neotest.client.runner')
110.477  000.162  000.162: require('neotest.client.strategies')
110.481  000.954  000.291: require('neotest.client')
111.072  000.429  000.429: require('neotest.consumers.run')
111.252  000.179  000.179: require('neotest.consumers.diagnostic')
111.417  000.163  000.163: require('neotest.consumers.status')
111.583  000.166  000.166: require('neotest.consumers.output')
111.906  000.163  000.163: require('neotest.consumers.output_panel.panel')
111.908  000.324  000.161: require('neotest.consumers.output_panel')
112.578  000.184  000.184: require('neotest.consumers.summary.canvas')
112.845  000.266  000.266: require('neotest.consumers.summary.component')
112.847  000.650  000.201: require('neotest.consumers.summary.summary')
112.849  000.940  000.290: require('neotest.consumers.summary')
113.021  000.172  000.172: require('neotest.consumers.jump')
113.513  000.001  000.001: require('jit.profile')
114.055  000.541  000.541: require('jit.vmdef')
114.059  000.716  000.174: require('plenary.profile.p')
114.060  000.881  000.165: require('plenary.profile')
114.061  001.039  000.158: require('neotest.consumers.benchmark')
114.260  000.198  000.198: require('neotest.consumers.quickfix')
114.623  000.173  000.173: require('neotest.consumers.state.tracker')
114.625  000.363  000.190: require('neotest.consumers.state')
114.974  000.178  000.178: require('neotest.consumers.watch.watcher')
114.979  000.353  000.175: require('neotest.consumers.watch')
114.980  004.497  000.170: require('neotest.consumers')
115.230  000.208  000.208: require('neotest.lib.window')
116.253  000.163  000.163: require('harpoon.utils')
116.255  000.332  000.169: require('harpoon.logger')
116.741  000.163  000.163: require('harpoon.autocmd')
116.743  000.325  000.163: require('harpoon.buffer')
116.907  000.164  000.164: require('harpoon.extensions')
116.909  000.653  000.164: require('harpoon.ui')
117.734  000.327  000.327: require('plenary.bit')
117.962  000.226  000.226: require('plenary.functional')
117.988  000.920  000.367: require('plenary.path')
117.993  001.083  000.163: require('harpoon.data')
118.216  000.223  000.223: require('harpoon.config')
118.412  000.195  000.195: require('harpoon.list')
118.769  003.406  000.921: require('harpoon')
119.641  000.691  000.691: require('conform')
121.167  000.202  000.202: require('dressing.patch')
121.169  000.680  000.479: require('dressing')
121.175  000.858  000.177: sourcing /Users/simon/.local/share/nvim/lazy/dressing.nvim/plugin/dressing.lua
121.686  000.226  000.226: require('flutter-tools.lazy')
121.726  000.492  000.266: require('flutter-tools')
122.287  000.220  000.220: require('flutter-tools.utils.path')
122.296  000.563  000.343: require('flutter-tools.config')
122.561  000.218  000.218: require('flutter-tools.log')
123.601  000.246  000.246: require('lualine_require')
124.370  001.725  001.479: require('lualine')
125.500  000.199  000.199: require('catppuccin.utils.lualine')
125.695  000.193  000.193: require('catppuccin.palettes')
125.876  000.180  000.180: require('catppuccin.palettes.frappe')
128.897  000.339  000.339: require('lualine.utils.mode')
141.972  000.492  000.492: require('ibl.utils')
141.978  001.038  000.546: require('ibl.config')
142.433  000.244  000.244: require('ibl.indent')
142.437  000.458  000.214: require('ibl.hooks')
142.438  002.153  000.657: require('ibl.highlights')
142.628  000.189  000.189: require('ibl.autocmds')
142.814  000.184  000.184: require('ibl.inlay_hints')
142.997  000.181  000.181: require('ibl.virt_text')
143.568  000.339  000.339: require('ibl.scope_languages')
143.570  000.572  000.233: require('ibl.scope')
143.575  004.392  001.113: require('ibl')
144.677  000.265  000.265: require('gitsigns.async')
145.118  000.439  000.439: require('gitsigns.config')
145.315  000.195  000.195: require('gitsigns.debug.log')
145.317  001.574  000.675: require('gitsigns')
146.310  000.155  000.155: sourcing /Users/simon/.local/share/nvim/lazy/neo-tree.nvim/plugin/neo-tree.vim
147.528  000.277  000.277: require('neo-tree.log')
147.802  000.273  000.273: require('neo-tree.utils.filesize.filesize')
147.814  000.882  000.332: require('neo-tree.utils')
147.816  001.486  000.604: require('neo-tree')
148.492  000.330  000.330: require('neo-tree.defaults')
148.773  000.280  000.280: require('neo-tree.setup.mapping-helper')
149.623  000.352  000.352: require('neo-tree.collections')
149.625  000.567  000.214: require('neo-tree.events.queue')
149.627  000.852  000.285: require('neo-tree.events')
150.082  000.232  000.232: require('neo-tree.sources.filesystem.lib.globtopattern')
150.086  000.458  000.226: require('neo-tree.sources.common.file-nesting')
150.415  000.329  000.329: require('neo-tree.ui.highlights')
152.091  000.309  000.309: require('nui.object')
152.923  000.359  000.359: require('vim.version')
153.558  001.220  000.861: require('nui.utils')
153.583  001.491  000.271: require('nui.text')
153.587  002.130  000.330: require('nui.line')
154.025  000.209  000.209: require('nui.tree.util')
154.031  000.443  000.234: require('nui.tree')
154.439  000.198  000.198: require('nui.utils.buf_storage')
154.641  000.200  000.200: require('nui.utils.autocmd')
154.939  000.297  000.297: require('nui.utils.keymap')
156.436  000.215  000.215: require('nui.layout.utils')
156.438  001.499  001.284: require('nui.split.utils')
156.443  002.412  000.217: require('nui.split')
156.951  000.310  000.310: require('nui.popup.border')
156.957  000.513  000.203: require('nui.popup')
157.156  000.198  000.198: require('neo-tree.ui.popups')
157.455  000.298  000.298: require('neo-tree.ui.windows')
157.464  006.398  000.404: require('neo-tree.ui.renderer')
158.008  000.356  000.356: require('plenary.job')
158.010  000.545  000.189: require('neo-tree.sources.filesystem.lib.filter_external')
158.214  000.203  000.203: require('neo-tree.sources.common.file-items')
158.981  000.173  000.173: require('neo-tree.git.utils')
158.983  000.432  000.259: require('neo-tree.git.status')
159.194  000.210  000.210: require('neo-tree.git.ignored')
159.195  000.808  000.166: require('neo-tree.git')
159.197  000.982  000.174: require('neo-tree.sources.filesystem.lib.fs_watch')
160.494  000.230  000.230: require('plenary.tbl')
160.496  000.403  000.173: require('plenary.vararg.rotate')
160.496  000.741  000.338: require('plenary.vararg')
160.665  000.167  000.167: require('plenary.errors')
160.667  001.179  000.270: require('plenary.async.async')
161.428  000.184  000.184: require('plenary.async.structs')
161.431  000.354  000.171: require('plenary.async.control')
161.434  000.553  000.198: require('plenary.async.util')
161.435  000.767  000.215: require('plenary.async.tests')
161.436  002.238  000.292: require('plenary.async')
161.440  010.711  000.345: require('neo-tree.sources.filesystem.lib.fs_scan')
161.811  000.192  000.192: require('nui.input')
161.813  000.371  000.179: require('neo-tree.ui.inputs')
161.820  011.404  000.321: require('neo-tree.sources.manager')
162.375  000.184  000.184: require('neo-tree.command.parser')
162.552  000.175  000.175: require('neo-tree.command.completion')
162.553  000.551  000.192: require('neo-tree.command')
162.554  000.734  000.182: require('neo-tree.setup.netrw')
162.732  000.176  000.176: require('neo-tree.sources.common.hijack_cursor')
162.734  014.917  000.354: require('neo-tree.setup')
163.518  000.380  000.380: require('neo-tree.setup.deprecations')
165.011  000.372  000.372: require('neo-tree.sources.filesystem')
165.726  000.386  000.386: require('neo-tree.sources.buffers.lib.items')
165.728  000.715  000.328: require('neo-tree.sources.buffers')
166.100  000.176  000.176: require('neo-tree.sources.git_status.lib.items')
166.102  000.371  000.196: require('neo-tree.sources.git_status')
166.986  000.333  000.333: require('neo-tree.sources.common.container')
166.988  000.565  000.231: require('neo-tree.sources.common.components')
167.007  000.775  000.211: require('neo-tree.sources.filesystem.components')
171.233  003.274  003.274: require('plenary.scandir')
171.421  000.186  000.186: require('plenary')
171.428  003.856  000.397: require('neo-tree.sources.filesystem.lib.fs_actions')
171.610  000.181  000.181: require('neo-tree.sources.common.help')
171.820  000.209  000.209: require('neo-tree.sources.common.preview')
172.111  000.290  000.290: require('neo-tree.sources.common.node_expander')
172.123  004.879  000.344: require('neo-tree.sources.common.commands')
172.326  000.202  000.202: require('neo-tree.sources.filesystem.lib.filter')
172.361  005.353  000.272: require('neo-tree.sources.filesystem.commands')
172.740  000.188  000.188: require('neo-tree.sources.git_status.components')
172.994  000.252  000.252: require('neo-tree.sources.git_status.commands')
173.348  000.248  000.248: require('neo-tree.sources.buffers.components')
173.536  000.186  000.186: require('neo-tree.sources.buffers.commands')
176.399  000.202  000.202: require('gitblame.utils')
176.401  000.417  000.216: require('gitblame.git')
176.732  000.166  000.166: require('lua-timeago/languages/en')
176.737  000.335  000.169: require('lua-timeago')
176.745  001.663  000.912: require('gitblame')
176.911  000.165  000.165: require('gitblame.config')
176.962  002.158  000.330: sourcing /Users/simon/.local/share/nvim/lazy/git-blame.nvim/plugin/gitblame.lua
178.066  000.525  000.525: require('autoclose')
179.252  000.904  000.904: require('mini.ai')
180.006  000.586  000.586: require('mini.surround')
180.967  000.740  000.740: require('oil')
181.473  000.504  000.504: require('oil.ringbuf')
181.819  000.344  000.344: require('oil.config')
183.948  002.062  002.062: require('vim.filetype')
184.957  000.271  000.271: require('oil.constants')
184.962  000.757  000.486: require('oil.util')
185.785  000.631  000.631: require('thanks')
187.171  000.190  000.190: require('Comment.config')
187.597  000.214  000.214: require('Comment.ft')
187.600  000.428  000.214: require('Comment.utils')
187.803  000.202  000.202: require('Comment.opfunc')
188.027  000.223  000.223: require('Comment.extra')
188.029  001.661  000.619: require('Comment.api')
188.086  001.926  000.265: sourcing /Users/simon/.local/share/nvim/lazy/Comment.nvim/plugin/Comment.lua
188.365  000.237  000.237: require('Comment')
189.577  000.217  000.217: sourcing /Users/simon/.local/share/nvim/lazy/vim-tmux-navigator/plugin/tmux_navigator.vim
190.475  000.543  000.543: require('btw')
191.435  000.611  000.611: sourcing /Users/simon/.local/share/nvim/lazy/vim-sleuth/plugin/sleuth.vim
193.346  000.218  000.218: sourcing /Users/simon/.local/share/nvim/lazy/nvim-dap/plugin/dap.lua
194.343  000.203  000.203: require('dap.utils')
194.384  001.023  000.820: require('dap')
195.580  000.199  000.199: require('dapui.config.highlights')
195.689  000.590  000.391: require('dapui.config')
195.693  000.797  000.207: require('dapui.util')
195.896  000.202  000.202: require('dapui.windows.layout')
195.898  001.207  000.207: require('dapui.windows')
196.087  000.188  000.188: require('dapui.controls')
196.090  001.704  000.310: require('dapui')
196.279  000.189  000.189: require('mason-nvim-dap')
196.468  000.188  000.188: require('mason-nvim-dap.settings')
196.671  000.196  000.196: require('mason-nvim-dap.mappings.source')
196.880  000.208  000.208: require('mason-core.notify')
197.111  000.208  000.208: require('mason-nvim-dap.mappings.adapters')
197.320  000.208  000.208: require('mason-nvim-dap.mappings.filetypes')
198.431  000.295  000.295: require('mason-core.managers.powershell')
198.704  000.272  000.272: require('mason.version')
198.705  000.852  000.285: require('mason-core.fetch')
199.488  000.231  000.231: require('mason-core.purl')
199.493  000.546  000.315: require('mason-core.package')
200.231  000.215  000.215: require('mason-core.installer.registry.expr')
200.235  000.528  000.313: require('mason-core.installer.registry.link')
200.658  000.237  000.237: require('mason-core.installer.managers.std')
200.660  000.424  000.187: require('mason-core.installer.registry.schemas')
200.868  000.208  000.208: require('mason-core.installer.registry.util')
200.873  001.379  000.219: require('mason-core.installer.registry')
200.874  002.168  000.243: require('mason-registry.sources.util')
200.878  003.336  000.316: require('mason-registry.sources.github')
203.694  000.236  000.236: require('mason-core.functional.type')
207.222  009.901  006.329: require('mason-nvim-dap.mappings.configurations')
207.605  000.381  000.381: require('mason-nvim-dap.mappings.adapters.chrome')
207.914  000.308  000.308: require('mason-nvim-dap.automatic_setup')
208.572  000.378  000.378: require('mason-nvim-dap.mappings.adapters.node2')
208.826  000.240  000.240: require('mason-nvim-dap.api.command')
209.738  000.397  000.397: require('dapui.logging')
209.985  000.246  000.246: require('dapui.client.types')
209.988  000.897  000.255: require('dapui.client')
210.228  000.239  000.239: require('dap.breakpoints')
210.488  000.213  000.213: require('dapui.client.lib')
210.994  000.271  000.271: require('dapui.render.canvas')
210.995  000.498  000.227: require('dapui.elements.breakpoints')
211.248  000.237  000.237: require('dapui.components.breakpoints')
211.483  000.213  000.213: require('dapui.elements.repl')
211.699  000.215  000.215: require('dapui.elements.scopes')
211.921  000.210  000.210: require('dapui.components.scopes')
212.188  000.266  000.266: require('dapui.components.variables')
212.423  000.223  000.223: require('dapui.elements.stacks')
213.044  000.340  000.340: require('dapui.components.frames')
213.046  000.610  000.270: require('dapui.components.threads')
213.278  000.216  000.216: require('dapui.elements.watches')
213.561  000.209  000.209: require('dapui.components.watches')
213.770  000.193  000.193: require('dapui.elements.hover')
214.061  000.196  000.196: require('dapui.components.hover')
214.262  000.197  000.197: require('dapui.elements.console')
214.964  000.205  000.205: require('dap-vscode-js.utils')
214.973  000.415  000.210: require('dap-vscode-js.config')
215.403  000.233  000.233: require('dap-vscode-js.log')
215.406  000.432  000.199: require('dap-vscode-js.session')
215.853  000.200  000.200: require('dap-vscode-js.adapter')
215.856  000.449  000.249: require('dap-vscode-js.dap')
215.857  001.507  000.211: require('dap-vscode-js')
217.251  000.390  000.390: sourcing /opt/homebrew/Cellar/neovim/0.10.2_1/share/nvim/runtime/plugin/editorconfig.lua
217.640  000.167  000.167: sourcing /opt/homebrew/Cellar/neovim/0.10.2_1/share/nvim/runtime/plugin/gzip.vim
218.201  000.348  000.348: sourcing /opt/homebrew/Cellar/neovim/0.10.2_1/share/nvim/runtime/plugin/man.lua
219.769  000.225  000.225: sourcing /opt/homebrew/Cellar/neovim/0.10.2_1/share/nvim/runtime/pack/dist/opt/matchit/plugin/matchit.vim
219.784  001.385  001.160: sourcing /opt/homebrew/Cellar/neovim/0.10.2_1/share/nvim/runtime/plugin/matchit.vim
220.239  000.250  000.250: sourcing /opt/homebrew/Cellar/neovim/0.10.2_1/share/nvim/runtime/plugin/matchparen.vim
220.595  000.138  000.138: sourcing /opt/homebrew/Cellar/neovim/0.10.2_1/share/nvim/runtime/plugin/netrwPlugin.vim
221.216  000.330  000.330: sourcing /opt/homebrew/Cellar/neovim/0.10.2_1/share/nvim/runtime/plugin/osc52.lua
221.622  000.182  000.182: sourcing /opt/homebrew/Cellar/neovim/0.10.2_1/share/nvim/runtime/plugin/rplugin.vim
222.021  000.184  000.184: sourcing /opt/homebrew/Cellar/neovim/0.10.2_1/share/nvim/runtime/plugin/shada.vim
223.094  000.797  000.797: sourcing /opt/homebrew/Cellar/neovim/0.10.2_1/share/nvim/runtime/plugin/spellfile.vim
223.434  000.085  000.085: sourcing /opt/homebrew/Cellar/neovim/0.10.2_1/share/nvim/runtime/plugin/tarPlugin.vim
223.999  000.333  000.333: sourcing /opt/homebrew/Cellar/neovim/0.10.2_1/share/nvim/runtime/plugin/tohtml.lua
224.376  000.121  000.121: sourcing /opt/homebrew/Cellar/neovim/0.10.2_1/share/nvim/runtime/plugin/tutor.vim
225.395  000.214  000.214: sourcing /opt/homebrew/Cellar/neovim/0.10.2_1/share/nvim/runtime/plugin/zipPlugin.vim
226.337  000.400  000.400: sourcing /Users/simon/.local/share/nvim/lazy/indent-blankline.nvim/after/plugin/commands.lua
227.116  000.379  000.379: sourcing /Users/simon/.local/share/nvim/lazy/cmp-nvim-lsp/after/plugin/cmp_nvim_lsp.lua
227.153  220.965  057.925: sourcing /Users/simon/.config/nvim/init.lua
227.166  001.238: sourcing vimrc file(s)
228.023  000.207  000.207: sourcing /opt/homebrew/Cellar/neovim/0.10.2_1/share/nvim/runtime/filetype.lua
228.895  000.189  000.189: sourcing /opt/homebrew/Cellar/neovim/0.10.2_1/share/nvim/runtime/syntax/synload.vim
228.947  000.696  000.508: sourcing /opt/homebrew/Cellar/neovim/0.10.2_1/share/nvim/runtime/syntax/syntax.vim
228.955  000.884: inits 3
230.358  001.403: reading ShaDa
244.456  006.065  006.065: require('oil.actions')
248.309  003.851  003.851: require('oil.layout')
248.310  017.910  007.994: require('oil.keymap_util')
252.860  004.548  004.548: require('oil.loading')
262.410  004.163  004.163: require('oil.cache')
267.636  000.802  000.802: require('nvim-web-devicons.icons-default')
267.744  001.485  000.684: require('nvim-web-devicons')
267.750  005.339  003.854: require('oil.columns')
272.975  005.223  005.223: require('oil.fs')
272.983  020.122  005.397: require('oil.view')
281.721  004.430  004.430: require('oil.adapters.files.permissions')
286.783  005.060  005.060: require('oil.adapters.files.trash')
286.796  013.807  004.316: require('oil.adapters.files')
297.109  000.018  000.018: sourcing /Users/simon/.local/share/nvim/lazy/oil.nvim/syntax/oil.vim
300.392  013.629: opening buffers
301.515  001.123: BufEnter autocommands
301.517  000.002: editing files in windows
302.234  000.165  000.165: sourcing /Users/simon/.local/share/nvim/lazy/which-key.nvim/plugin/which-key.vim
319.987  000.318  000.318: require('which-key.util')
319.995  000.737  000.419: require('which-key.tree')
320.354  000.358  000.358: require('which-key.config')
320.361  003.404  002.309: require('which-key.keys')
320.370  018.044  014.641: require('which-key')
320.606  000.213  000.213: require('which-key.plugins')
320.882  000.274  000.274: require('which-key.plugins.presets')
321.154  000.270  000.270: require('which-key.plugins.presets.misc')
321.342  000.168  000.168: require('which-key.plugins.spelling')
321.606  000.262  000.262: require('which-key.mappings')
322.401  000.731  000.731: require('which-key.plugins.marks')
323.002  000.317  000.317: require('which-key.plugins.registers')
324.015  000.278  000.278: require('which-key.colors')
333.869  000.248  000.248: sourcing /Users/simon/.local/share/nvim/lazy/todo-comments.nvim/plugin/todo.vim
335.536  000.234  000.234: require('todo-comments.util')
335.546  000.637  000.403: require('todo-comments.config')
336.074  000.319  000.319: require('todo-comments.highlight')
336.076  000.529  000.210: require('todo-comments.jump')
336.110  002.175  001.008: require('todo-comments')
337.041  000.736  000.736: require('vim.treesitter.highlighter')
343.335  005.000  005.000: sourcing /Users/simon/.local/share/nvim/lazy/telescope.nvim/plugin/telescope.lua
344.599  000.232  000.232: require('telescope._extensions')
344.603  001.225  000.993: require('telescope')
344.817  000.211  000.211: require('telescope.themes')
345.540  000.253  000.253: require('plenary.strings')
345.727  000.186  000.186: require('telescope.deprecated')
346.526  000.328  000.328: require('plenary.log')
346.581  000.586  000.257: require('telescope.log')
347.254  000.238  000.238: require('telescope.state')
347.262  000.680  000.442: require('telescope.utils')
347.265  001.537  000.272: require('telescope.sorters')
348.445  003.588  001.613: require('telescope.config')
350.012  000.677  000.677: require('fzf_lib')
350.021  001.043  000.366: require('telescope._extensions.fzf')
350.257  000.226  000.226: require('telescope._extensions.ui-select')
351.208  000.181  000.181: require('plenary.window.border')
351.398  000.189  000.189: require('plenary.window')
351.570  000.171  000.171: require('plenary.popup.utils')
351.572  000.861  000.320: require('plenary.popup')
352.215  000.216  000.216: require('telescope.pickers.scroller')
352.397  000.181  000.181: require('telescope.actions.state')
352.568  000.171  000.171: require('telescope.actions.utils')
352.945  000.183  000.183: require('telescope.actions.mt')
352.955  000.385  000.202: require('telescope.actions.set')
353.464  000.298  000.298: require('telescope.config.resolve')
353.466  000.510  000.212: require('telescope.pickers.entry_display')
353.697  000.231  000.231: require('telescope.from_entry')
353.991  002.418  000.724: require('telescope.actions')
354.230  000.237  000.237: require('telescope.debounce')
354.522  000.291  000.291: require('telescope.mappings')
354.747  000.223  000.223: require('telescope.pickers.highlights')
354.986  000.239  000.239: require('telescope.pickers.window')
355.378  000.182  000.182: require('telescope.algos.linked_list')
355.380  000.393  000.211: require('telescope.entry_manager')
355.556  000.176  000.176: require('telescope.pickers.multi')
355.566  005.307  000.471: require('telescope.pickers')
356.166  000.408  000.408: require('telescope.make_entry')
356.397  000.230  000.230: require('telescope.finders.async_static_finder')
356.984  000.183  000.183: require('plenary.class')
357.010  000.405  000.223: require('telescope._')
357.011  000.612  000.207: require('telescope.finders.async_oneshot_finder')
357.193  000.181  000.181: require('telescope.finders.async_job_finder')
357.196  001.629  000.198: require('telescope.finders')
357.720  000.512  000.512: require('telescope.builtin')
358.450  014.312: VimEnter autocommands
358.477  000.027: UIEnter autocommands
359.147  000.319  000.319: sourcing /opt/homebrew/Cellar/neovim/0.10.2_1/share/nvim/runtime/autoload/provider/clipboard.vim
359.155  000.359: before starting main loop
359.362  000.207: first screen update
359.364  000.002: --- NVIM STARTED ---

